Determining if the pthread_create exist failed with the following output:
Change Dir: /home/vision/catkin_ws/build/CMakeFiles/CMakeTmp

Run Build Command:"/usr/bin/make" "cmTC_5ffa1/fast"
/usr/bin/make -f CMakeFiles/cmTC_5ffa1.dir/build.make CMakeFiles/cmTC_5ffa1.dir/build
make[1]: Entering directory '/home/vision/catkin_ws/build/CMakeFiles/CMakeTmp'
Building C object CMakeFiles/cmTC_5ffa1.dir/CheckSymbolExists.c.o
/usr/bin/cc    -o CMakeFiles/cmTC_5ffa1.dir/CheckSymbolExists.c.o   -c /home/vision/catkin_ws/build/CMakeFiles/CMakeTmp/CheckSymbolExists.c
Linking C executable cmTC_5ffa1
/usr/local/bin/cmake -E cmake_link_script CMakeFiles/cmTC_5ffa1.dir/link.txt --verbose=1
/usr/bin/cc      -rdynamic CMakeFiles/cmTC_5ffa1.dir/CheckSymbolExists.c.o  -o cmTC_5ffa1 
CMakeFiles/cmTC_5ffa1.dir/CheckSymbolExists.c.o: In function `main':
CheckSymbolExists.c:(.text+0x1b): undefined reference to `pthread_create'
collect2: error: ld returned 1 exit status
CMakeFiles/cmTC_5ffa1.dir/build.make:86: recipe for target 'cmTC_5ffa1' failed
make[1]: *** [cmTC_5ffa1] Error 1
make[1]: Leaving directory '/home/vision/catkin_ws/build/CMakeFiles/CMakeTmp'
Makefile:121: recipe for target 'cmTC_5ffa1/fast' failed
make: *** [cmTC_5ffa1/fast] Error 2

File /home/vision/catkin_ws/build/CMakeFiles/CMakeTmp/CheckSymbolExists.c:
/* */
#include <pthread.h>

int main(int argc, char** argv)
{
  (void)argv;
#ifndef pthread_create
  return ((int*)(&pthread_create))[argc];
#else
  (void)argc;
  return 0;
#endif
}

Determining if the function pthread_create exists in the pthreads failed with the following output:
Change Dir: /home/vision/catkin_ws/build/CMakeFiles/CMakeTmp

Run Build Command:"/usr/bin/make" "cmTC_690e1/fast"
/usr/bin/make -f CMakeFiles/cmTC_690e1.dir/build.make CMakeFiles/cmTC_690e1.dir/build
make[1]: Entering directory '/home/vision/catkin_ws/build/CMakeFiles/CMakeTmp'
Building C object CMakeFiles/cmTC_690e1.dir/CheckFunctionExists.c.o
/usr/bin/cc   -DCHECK_FUNCTION_EXISTS=pthread_create   -o CMakeFiles/cmTC_690e1.dir/CheckFunctionExists.c.o   -c /usr/local/share/cmake-3.12/Modules/CheckFunctionExists.c
Linking C executable cmTC_690e1
/usr/local/bin/cmake -E cmake_link_script CMakeFiles/cmTC_690e1.dir/link.txt --verbose=1
/usr/bin/cc  -DCHECK_FUNCTION_EXISTS=pthread_create    -rdynamic CMakeFiles/cmTC_690e1.dir/CheckFunctionExists.c.o  -o cmTC_690e1 -lpthreads 
/usr/bin/ld: cannot find -lpthreads
collect2: error: ld returned 1 exit status
CMakeFiles/cmTC_690e1.dir/build.make:86: recipe for target 'cmTC_690e1' failed
make[1]: *** [cmTC_690e1] Error 1
make[1]: Leaving directory '/home/vision/catkin_ws/build/CMakeFiles/CMakeTmp'
Makefile:121: recipe for target 'cmTC_690e1/fast' failed
make: *** [cmTC_690e1/fast] Error 2


